<?xml version="1.0" encoding="UTF-8"?>
<testng-results ignored="0" total="1" passed="1" failed="0" skipped="0">
  <reporter-output>
  </reporter-output>
  <suite started-at="2022-11-05T01:45:50 AST" name="Suite" finished-at="2022-11-05T01:46:31 AST" duration-ms="40263">
    <groups>
    </groups>
    <test started-at="2022-11-05T01:45:50 AST" name="Test" finished-at="2022-11-05T01:46:31 AST" duration-ms="40263">
      <class name="com.SFA.TestCases.SFALogintest">
        <test-method is-config="true" signature="setup()[pri:0, instance:com.SFA.TestCases.SFALogintest@8f2ef19]" started-at="2022-11-05T01:45:51 AST" name="setup" finished-at="2022-11-05T01:45:58 AST" duration-ms="7311" status="PASS">
          <reporter-output>
          </reporter-output>
        </test-method> <!-- setup -->
        <test-method signature="loginTest()[pri:0, instance:com.SFA.TestCases.SFALogintest@8f2ef19]" started-at="2022-11-05T01:45:58 AST" name="loginTest" finished-at="2022-11-05T01:46:30 AST" duration-ms="32165" status="PASS">
          <reporter-output>
          </reporter-output>
        </test-method> <!-- loginTest -->
        <test-method is-config="true" signature="teardown()[pri:0, instance:com.SFA.TestCases.SFALogintest@8f2ef19]" started-at="2022-11-05T01:46:30 AST" name="teardown" finished-at="2022-11-05T01:46:31 AST" duration-ms="421" status="PASS">
          <reporter-output>
          </reporter-output>
        </test-method> <!-- teardown -->
      </class> <!-- com.SFA.TestCases.SFALogintest -->
    </test> <!-- Test -->
  </suite> <!-- Suite -->
</testng-results>
